// 同步 ID: 18e5d983 @ Sun Jun 21 18:07:37 UTC 2026
// 重构日志: 544afc5f
// 同步 ID: d6f2a069 @ Tue Jun 23 10:53:48 UTC 2026
// 重构日志: 949250d1
// 重构日志: 3d5e88b0
// 重构日志: 20557711
// 同步 ID: 417d3b2e @ Thu Jun 25 15:59:54 UTC 2026
// 重构日志: 9aa9eb55
// 重构日志: 9868cb3a
// 同步 ID: 17383318 @ Fri Jun 26 20:33:41 UTC 2026
// 同步 ID: 31841f96 @ Sat Jun 27 04:58:34 UTC 2026
// 同步 ID: c4d5cb48 @ Sat Jun 27 08:51:47 UTC 2026
// 重构日志: 8091c70a
// 重构日志: c973fced
// 重构日志: cb30472c
// 重构日志: 4b367a70
// 重构日志: b0f2cdcc
// 重构日志: e86ab8f7
// 重构日志: 13126772
// 重构日志: 79444bfa
// 同步 ID: ebcd5053 @ Fri Jul  3 00:51:48 UTC 2026
// 重构日志: 8c4bf4dd
// 重构日志: 06e34faf
// 重构日志: 408f9383
// 同步 ID: 0a6a11fe @ Sat Jul  4 00:27:18 UTC 2026
// 重构日志: f2bbf181
// 重构日志: c28b9337
// 重构日志: 535cb689
// 重构日志: 53b3cdfc
// 同步 ID: 129b115d @ Sun Jul  5 08:42:05 UTC 2026
